Error: Parametro no reconocido 
Error: Parametro no reconocido 
Error: Parametro no reconocido 
Error: Parametro no reconocido 
Error: Parametro no reconocido 
Modo de uso: bash ./Ejercicio4.sh [-d | --directorio] [Directorio de monitoreo] [ -s | --salida ] [Directorio de backup de archivos] [ -p | --patron ] [patron de busqueda]

Monitorear un directorio para ver si hubo cambios en este
-d | --directorio	indica el directorio a monitorear
El directorio a monitorear indicado en -d puede estar vacío.
-s | --salida 	Directorio de salida.
-p | --patron 	patron a utilizar.
En caso de querer terminar el proceso escribimos bash ./Ejercicio4.sh [-d | --directorio] [Directorio de monitoreo a detener] [-k | --kill]
Error: Parametro no reconocido 
Modo de uso: bash ./Ejercicio4.sh [-d | --directorio] [Directorio de monitoreo] [ -s | --salida ] [Directorio de backup de archivos] [ -p | --patron ] [patron de busqueda]

Monitorear un directorio para ver si hubo cambios en este
-d | --directorio	indica el directorio a monitorear
El directorio a monitorear indicado en -d puede estar vacío.
-s | --salida 	Directorio de salida.
-p | --patron 	patron a utilizar.
En caso de querer terminar el proceso escribimos bash ./Ejercicio4.sh [-d | --directorio] [Directorio de monitoreo a detener] [-k | --kill]
Error: Parametro no reconocido 
Modo de uso: bash ./Ejercicio4.sh [-d | --directorio] [Directorio de monitoreo] [ -s | --salida ] [Directorio de backup de archivos] [ -p | --patron ] [patron de busqueda]

Monitorear un directorio para ver si hubo cambios en este
-d | --directorio	indica el directorio a monitorear
El directorio a monitorear indicado en -d puede estar vacío.
-s | --salida 	Directorio de salida.
-p | --patron 	patron a utilizar.
En caso de querer terminar el proceso escribimos bash ./Ejercicio4.sh [-d | --directorio] [Directorio de monitoreo a detener] [-k | --kill]
Error: Parametro no reconocido 
Modo de uso: bash ./Ejercicio4.sh [-d | --directorio] [Directorio de monitoreo] [ -s | --salida ] [Directorio de backup de archivos] [ -p | --patron ] [patron de busqueda]

Monitorear un directorio para ver si hubo cambios en este
-d | --directorio	indica el directorio a monitorear
El directorio a monitorear indicado en -d puede estar vacío.
-s | --salida 	Directorio de salida.
-p | --patron 	patron a utilizar.
En caso de querer terminar el proceso escribimos bash ./Ejercicio4.sh [-d | --directorio] [Directorio de monitoreo a detener] [-k | --kill]
Error: Parametro no reconocido 
Modo de uso: bash ./Ejercicio4.sh [-d | --directorio] [Directorio de monitoreo] [ -s | --salida ] [Directorio de backup de archivos] [ -p | --patron ] [patron de busqueda]

Monitorear un directorio para ver si hubo cambios en este
-d | --directorio	indica el directorio a monitorear
El directorio a monitorear indicado en -d puede estar vacío.
-s | --salida 	Directorio de salida.
-p | --patron 	patron a utilizar.
En caso de querer terminar el proceso escribimos bash ./Ejercicio4.sh [-d | --directorio] [Directorio de monitoreo a detener] [-k | --kill]
Error: Parametro no reconocido 
Modo de uso: bash ./Ejercicio4.sh [-d | --directorio] [Directorio de monitoreo] [ -s | --salida ] [Directorio de backup de archivos] [ -p | --patron ] [patron de busqueda]

Monitorear un directorio para ver si hubo cambios en este
-d | --directorio	indica el directorio a monitorear
El directorio a monitorear indicado en -d puede estar vacío.
-s | --salida 	Directorio de salida.
-p | --patron 	patron a utilizar.
En caso de querer terminar el proceso escribimos bash ./Ejercicio4.sh [-d | --directorio] [Directorio de monitoreo a detener] [-k | --kill]
Error: Parametro no reconocido 
Modo de uso: bash ./Ejercicio4.sh [-d | --directorio] [Directorio de monitoreo] [ -s | --salida ] [Directorio de backup de archivos] [ -p | --patron ] [patron de busqueda]

Monitorear un directorio para ver si hubo cambios en este
-d | --directorio	indica el directorio a monitorear
El directorio a monitorear indicado en -d puede estar vacío.
-s | --salida 	Directorio de salida.
-p | --patron 	patron a utilizar.
En caso de querer terminar el proceso escribimos bash ./Ejercicio4.sh [-d | --directorio] [Directorio de monitoreo a detener] [-k | --kill]
Error: Parametro no reconocido 
Modo de uso: bash ./Ejercicio4.sh [-d | --directorio] [Directorio de monitoreo] [ -s | --salida ] [Directorio de backup de archivos] [ -p | --patron ] [patron de busqueda]

Monitorear un directorio para ver si hubo cambios en este
-d | --directorio	indica el directorio a monitorear
El directorio a monitorear indicado en -d puede estar vacío.
-s | --salida 	Directorio de salida.
-p | --patron 	patron a utilizar.
En caso de querer terminar el proceso escribimos bash ./Ejercicio4.sh [-d | --directorio] [Directorio de monitoreo a detener] [-k | --kill]
Error: Parametro no reconocido 
Modo de uso: bash ./Ejercicio4.sh [-d | --directorio] [Directorio de monitoreo] [ -s | --salida ] [Directorio de backup de archivos] [ -p | --patron ] [patron de busqueda]

Monitorear un directorio para ver si hubo cambios en este
-d | --directorio	indica el directorio a monitorear
El directorio a monitorear indicado en -d puede estar vacío.
-s | --salida 	Directorio de salida.
-p | --patron 	patron a utilizar.
En caso de querer terminar el proceso escribimos bash ./Ejercicio4.sh [-d | --directorio] [Directorio de monitoreo a detener] [-k | --kill]
Error: Parametro no reconocido 
Modo de uso: bash ./Ejercicio4.sh [-d | --directorio] [Directorio de monitoreo] [ -s | --salida ] [Directorio de backup de archivos] [ -p | --patron ] [patron de busqueda]

Monitorear un directorio para ver si hubo cambios en este
-d | --directorio	indica el directorio a monitorear
El directorio a monitorear indicado en -d puede estar vacío.
-s | --salida 	Directorio de salida.
-p | --patron 	patron a utilizar.
En caso de querer terminar el proceso escribimos bash ./Ejercicio4.sh [-d | --directorio] [Directorio de monitoreo a detener] [-k | --kill]
Error: Parametro no reconocido 
Modo de uso: bash ./Ejercicio4.sh [-d | --directorio] [Directorio de monitoreo] [ -s | --salida ] [Directorio de backup de archivos] [ -p | --patron ] [patron de busqueda]

Monitorear un directorio para ver si hubo cambios en este
-d | --directorio	indica el directorio a monitorear
El directorio a monitorear indicado en -d puede estar vacío.
-s | --salida 	Directorio de salida.
-p | --patron 	patron a utilizar.
En caso de querer terminar el proceso escribimos bash ./Ejercicio4.sh [-d | --directorio] [Directorio de monitoreo a detener] [-k | --kill]
Error: Parametro no reconocido 
Modo de uso: bash ./Ejercicio4.sh [-d | --directorio] [Directorio de monitoreo] [ -s | --salida ] [Directorio de backup de archivos] [ -p | --patron ] [patron de busqueda]

Monitorear un directorio para ver si hubo cambios en este
-d | --directorio	indica el directorio a monitorear
El directorio a monitorear indicado en -d puede estar vacío.
-s | --salida 	Directorio de salida.
-p | --patron 	patron a utilizar.
En caso de querer terminar el proceso escribimos bash ./Ejercicio4.sh [-d | --directorio] [Directorio de monitoreo a detener] [-k | --kill]
Error: Parametro no reconocido 
Modo de uso: bash ./Ejercicio4.sh [-d | --directorio] [Directorio de monitoreo] [ -s | --salida ] [Directorio de backup de archivos] [ -p | --patron ] [patron de busqueda]

Monitorear un directorio para ver si hubo cambios en este
-d | --directorio	indica el directorio a monitorear
El directorio a monitorear indicado en -d puede estar vacío.
-s | --salida 	Directorio de salida.
-p | --patron 	patron a utilizar.
En caso de querer terminar el proceso escribimos bash ./Ejercicio4.sh [-d | --directorio] [Directorio de monitoreo a detener] [-k | --kill]
Error: Parametro no reconocido 
Modo de uso: bash ./Ejercicio4.sh [-d | --directorio] [Directorio de monitoreo] [ -s | --salida ] [Directorio de backup de archivos] [ -p | --patron ] [patron de busqueda]

Monitorear un directorio para ver si hubo cambios en este
-d | --directorio	indica el directorio a monitorear
El directorio a monitorear indicado en -d puede estar vacío.
-s | --salida 	Directorio de salida.
-p | --patron 	patron a utilizar.
En caso de querer terminar el proceso escribimos bash ./Ejercicio4.sh [-d | --directorio] [Directorio de monitoreo a detener] [-k | --kill]
Error: Parametro no reconocido 
Modo de uso: bash ./Ejercicio4.sh [-d | --directorio] [Directorio de monitoreo] [ -s | --salida ] [Directorio de backup de archivos] [ -p | --patron ] [patron de busqueda]

Monitorear un directorio para ver si hubo cambios en este
-d | --directorio	indica el directorio a monitorear
El directorio a monitorear indicado en -d puede estar vacío.
-s | --salida 	Directorio de salida.
-p | --patron 	patron a utilizar.
En caso de querer terminar el proceso escribimos bash ./Ejercicio4.sh [-d | --directorio] [Directorio de monitoreo a detener] [-k | --kill]
Error: Parametro no reconocido 
Modo de uso: bash ./Ejercicio4.sh [-d | --directorio] [Directorio de monitoreo] [ -s | --salida ] [Directorio de backup de archivos] [ -p | --patron ] [patron de busqueda]

Monitorear un directorio para ver si hubo cambios en este
-d | --directorio	indica el directorio a monitorear
El directorio a monitorear indicado en -d puede estar vacío.
-s | --salida 	Directorio de salida.
-p | --patron 	patron a utilizar.
En caso de querer terminar el proceso escribimos bash ./Ejercicio4.sh [-d | --directorio] [Directorio de monitoreo a detener] [-k | --kill]
